<?xml version="1.0" encoding="UTF-8"?>
<testng-results ignored="0" total="1" passed="1" failed="0" skipped="0">
  <reporter-output>
  </reporter-output>
  <suite started-at="2022-08-02T15:14:57 IST" name="Default suite" finished-at="2022-08-02T15:15:01 IST" duration-ms="3539">
    <groups>
    </groups>
    <test started-at="2022-08-02T15:14:57 IST" name="Default test" finished-at="2022-08-02T15:15:01 IST" duration-ms="3539">
      <class name="Script.Lanuch">
        <test-method signature="Launching_the_Browser()[pri:0, instance:Script.Lanuch@73e22a3d]" started-at="2022-08-02T15:14:57 IST" name="Launching_the_Browser" finished-at="2022-08-02T15:15:01 IST" duration-ms="3504" status="PASS">
          <reporter-output>
          </reporter-output>
        </test-method> <!-- Launching_the_Browser -->
      </class> <!-- Script.Lanuch -->
    </test> <!-- Default test -->
  </suite> <!-- Default suite -->
</testng-results>
